  main.cpp
c:\src\vcpkg\installed\x64-windows\include\uws\Networking.h(162): warning C4251: “uS::TLS::Context::password”: class“std::shared_ptr<std::string>”需要有 dll 接口由 class“uS::TLS::Context”的客户端使用
  c:\src\vcpkg\installed\x64-windows\include\uws\Networking.h(162): note: 参见“std::shared_ptr<std::string>”的声明
c:\src\vcpkg\installed\x64-windows\include\uws\Networking.h(167): warning C4267: “参数”: 从“size_t”转换到“const int”，可能丢失数据
c:\src\vcpkg\installed\x64-windows\include\uws\Networking.h(214): warning C4251: “uS::NodeData::transferQueue”: class“std::vector<Poll *,std::allocator<_Ty>>”需要有 dll 接口由 struct“uS::NodeData”的客户端使用
          with
          [
              _Ty=Poll *
          ]
  c:\src\vcpkg\installed\x64-windows\include\uws\Networking.h(214): note: 参见“std::vector<Poll *,std::allocator<_Ty>>”的声明
          with
          [
              _Ty=Poll *
          ]
c:\src\vcpkg\installed\x64-windows\include\uws\Networking.h(215): warning C4251: “uS::NodeData::changePollQueue”: class“std::vector<Poll *,std::allocator<_Ty>>”需要有 dll 接口由 struct“uS::NodeData”的客户端使用
          with
          [
              _Ty=Poll *
          ]
  c:\src\vcpkg\installed\x64-windows\include\uws\Networking.h(214): note: 参见“std::vector<Poll *,std::allocator<_Ty>>”的声明
          with
          [
              _Ty=Poll *
          ]
c:\src\vcpkg\installed\x64-windows\include\uws\Networking.h(219): warning C4267: “return”: 从“size_t”转换到“int”，可能丢失数据
c:\src\vcpkg\installed\x64-windows\include\uws\Socket.h(26): warning C4275: 非 dll 接口 struct“Poll”用作 dll 接口 struct“uS::Socket”的基
  c:\src\vcpkg\installed\x64-windows\include\uws\Libuv.h(92): note: 参见“Poll”的声明
  c:\src\vcpkg\installed\x64-windows\include\uws\Socket.h(26): note: 参见“uS::Socket”的声明
c:\src\vcpkg\installed\x64-windows\include\uws\Socket.h(309): warning C4267: “参数”: 从“size_t”转换到“int”，可能丢失数据
c:\src\vcpkg\installed\x64-windows\include\uws\Socket.h(314): warning C4244: “参数”: 从“ssize_t”转换到“int”，可能丢失数据
c:\src\vcpkg\installed\x64-windows\include\uws\Socket.h(328): warning C4267: “参数”: 从“size_t”转换到“int”，可能丢失数据
c:\src\vcpkg\installed\x64-windows\include\uws\WebSocket.h(18): warning C4251: “uWS::WebSocket<isServer>::fragmentBuffer”: class“std::basic_string<char,std::char_traits<char>,std::allocator<char>>”需要有 dll 接口由 struct“uWS::WebSocket<isServer>”的客户端使用
  C:\Program Files (x86)\Microsoft Visual Studio\2017\Community\VC\Tools\MSVC\14.10.25017\include\xstring(3997): note: 参见“std::basic_string<char,std::char_traits<char>,std::allocator<char>>”的声明
  c:\src\vcpkg\installed\x64-windows\include\uws\WebSocket.h(85): note: 参见对正在编译的 类 模板 实例化 "uWS::WebSocket<isServer>" 的引用
c:\src\vcpkg\installed\x64-windows\include\uws\HTTPSocket.h(115): warning C4251: “uWS::HttpSocket<true>::httpBuffer”: class“std::basic_string<char,std::char_traits<char>,std::allocator<char>>”需要有 dll 接口由 struct“uWS::HttpSocket<true>”的客户端使用
  C:\Program Files (x86)\Microsoft Visual Studio\2017\Community\VC\Tools\MSVC\14.10.25017\include\xstring(3997): note: 参见“std::basic_string<char,std::char_traits<char>,std::allocator<char>>”的声明
  c:\src\vcpkg\installed\x64-windows\include\uws\HTTPSocket.h(142): note: 参见对正在编译的 类 模板 实例化 "uWS::HttpSocket<true>" 的引用
c:\src\vcpkg\installed\x64-windows\include\uws\HTTPSocket.h(207): warning C4996: 'sprintf': This function or variable may be unsafe. Consider using sprintf_s instead. To disable deprecation, use _CRT_SECURE_NO_WARNINGS. See online help for details.
  C:\Program Files (x86)\Windows Kits\10\Include\10.0.15063.0\ucrt\stdio.h(1772): note: 参见“sprintf”的声明
c:\src\vcpkg\installed\x64-windows\include\uws\Node.h(77): warning C4251: “uS::Node::asyncMutex”: class“std::recursive_mutex”需要有 dll 接口由 class“uS::Node”的客户端使用
  C:\Program Files (x86)\Microsoft Visual Studio\2017\Community\VC\Tools\MSVC\14.10.25017\include\mutex(92): note: 参见“std::recursive_mutex”的声明
c:\src\vcpkg\installed\x64-windows\include\uws\Group.h(26): warning C4251: “uWS::Group<true>::connectionHandler”: class“std::function<void (uWS::WebSocket<true> *,uWS::HttpRequest)>”需要有 dll 接口由 struct“uWS::Group<true>”的客户端使用
  c:\src\vcpkg\installed\x64-windows\include\uws\Group.h(26): note: 参见“std::function<void (uWS::WebSocket<true> *,uWS::HttpRequest)>”的声明
  c:\src\vcpkg\installed\x64-windows\include\uws\Hub.h(13): note: 参见对正在编译的 类 模板 实例化 "uWS::Group<true>" 的引用
c:\src\vcpkg\installed\x64-windows\include\uws\Group.h(27): warning C4251: “uWS::Group<true>::transferHandler”: class“std::function<void (uWS::WebSocket<true> *)>”需要有 dll 接口由 struct“uWS::Group<true>”的客户端使用
  c:\src\vcpkg\installed\x64-windows\include\uws\Group.h(27): note: 参见“std::function<void (uWS::WebSocket<true> *)>”的声明
c:\src\vcpkg\installed\x64-windows\include\uws\Group.h(28): warning C4251: “uWS::Group<true>::messageHandler”: class“std::function<void (uWS::WebSocket<true> *,char *,::size_t,uWS::OpCode)>”需要有 dll 接口由 struct“uWS::Group<true>”的客户端使用
  c:\src\vcpkg\installed\x64-windows\include\uws\Group.h(28): note: 参见“std::function<void (uWS::WebSocket<true> *,char *,::size_t,uWS::OpCode)>”的声明
c:\src\vcpkg\installed\x64-windows\include\uws\Group.h(29): warning C4251: “uWS::Group<true>::disconnectionHandler”: class“std::function<void (uWS::WebSocket<true> *,int,char *,::size_t)>”需要有 dll 接口由 struct“uWS::Group<true>”的客户端使用
  c:\src\vcpkg\installed\x64-windows\include\uws\Group.h(29): note: 参见“std::function<void (uWS::WebSocket<true> *,int,char *,::size_t)>”的声明
c:\src\vcpkg\installed\x64-windows\include\uws\Group.h(30): warning C4251: “uWS::Group<true>::pingHandler”: class“std::function<void (uWS::WebSocket<true> *,char *,::size_t)>”需要有 dll 接口由 struct“uWS::Group<true>”的客户端使用
  c:\src\vcpkg\installed\x64-windows\include\uws\Group.h(30): note: 参见“std::function<void (uWS::WebSocket<true> *,char *,::size_t)>”的声明
c:\src\vcpkg\installed\x64-windows\include\uws\Group.h(31): warning C4251: “uWS::Group<true>::pongHandler”: class“std::function<void (uWS::WebSocket<true> *,char *,::size_t)>”需要有 dll 接口由 struct“uWS::Group<true>”的客户端使用
  c:\src\vcpkg\installed\x64-windows\include\uws\Group.h(30): note: 参见“std::function<void (uWS::WebSocket<true> *,char *,::size_t)>”的声明
c:\src\vcpkg\installed\x64-windows\include\uws\Group.h(32): warning C4251: “uWS::Group<true>::httpConnectionHandler”: class“std::function<void (uWS::HttpSocket<true> *)>”需要有 dll 接口由 struct“uWS::Group<true>”的客户端使用
  c:\src\vcpkg\installed\x64-windows\include\uws\Group.h(32): note: 参见“std::function<void (uWS::HttpSocket<true> *)>”的声明
c:\src\vcpkg\installed\x64-windows\include\uws\Group.h(33): warning C4251: “uWS::Group<true>::httpRequestHandler”: class“std::function<void (uWS::HttpResponse *,uWS::HttpRequest,char *,::size_t,::size_t)>”需要有 dll 接口由 struct“uWS::Group<true>”的客户端使用
  c:\src\vcpkg\installed\x64-windows\include\uws\Group.h(33): note: 参见“std::function<void (uWS::HttpResponse *,uWS::HttpRequest,char *,::size_t,::size_t)>”的声明
c:\src\vcpkg\installed\x64-windows\include\uws\Group.h(34): warning C4251: “uWS::Group<true>::httpDataHandler”: class“std::function<void (uWS::HttpResponse *,char *,::size_t,::size_t)>”需要有 dll 接口由 struct“uWS::Group<true>”的客户端使用
  c:\src\vcpkg\installed\x64-windows\include\uws\Group.h(34): note: 参见“std::function<void (uWS::HttpResponse *,char *,::size_t,::size_t)>”的声明
c:\src\vcpkg\installed\x64-windows\include\uws\Group.h(35): warning C4251: “uWS::Group<true>::httpCancelledRequestHandler”: class“std::function<void (uWS::HttpResponse *)>”需要有 dll 接口由 struct“uWS::Group<true>”的客户端使用
  c:\src\vcpkg\installed\x64-windows\include\uws\Group.h(35): note: 参见“std::function<void (uWS::HttpResponse *)>”的声明
c:\src\vcpkg\installed\x64-windows\include\uws\Group.h(36): warning C4251: “uWS::Group<true>::httpDisconnectionHandler”: class“std::function<void (uWS::HttpSocket<true> *)>”需要有 dll 接口由 struct“uWS::Group<true>”的客户端使用
  c:\src\vcpkg\installed\x64-windows\include\uws\Group.h(32): note: 参见“std::function<void (uWS::HttpSocket<true> *)>”的声明
c:\src\vcpkg\installed\x64-windows\include\uws\Group.h(37): warning C4251: “uWS::Group<true>::httpUpgradeHandler”: class“std::function<void (uWS::HttpSocket<true> *,uWS::HttpRequest)>”需要有 dll 接口由 struct“uWS::Group<true>”的客户端使用
  c:\src\vcpkg\installed\x64-windows\include\uws\Group.h(37): note: 参见“std::function<void (uWS::HttpSocket<true> *,uWS::HttpRequest)>”的声明
c:\src\vcpkg\installed\x64-windows\include\uws\Group.h(40): warning C4251: “uWS::Group<true>::errorHandler”: class“std::function<void (int)>”需要有 dll 接口由 struct“uWS::Group<true>”的客户端使用
  c:\src\vcpkg\installed\x64-windows\include\uws\Group.h(40): note: 参见“std::function<void (int)>”的声明
c:\src\vcpkg\installed\x64-windows\include\uws\Group.h(46): warning C4251: “uWS::Group<true>::userPingMessage”: class“std::basic_string<char,std::char_traits<char>,std::allocator<char>>”需要有 dll 接口由 struct“uWS::Group<true>”的客户端使用
  C:\Program Files (x86)\Microsoft Visual Studio\2017\Community\VC\Tools\MSVC\14.10.25017\include\xstring(3997): note: 参见“std::basic_string<char,std::char_traits<char>,std::allocator<char>>”的声明
c:\src\vcpkg\installed\x64-windows\include\uws\Group.h(47): warning C4251: “uWS::Group<true>::iterators”: class“std::stack<Poll *,std::deque<_Ty,std::allocator<_Ty>>>”需要有 dll 接口由 struct“uWS::Group<true>”的客户端使用
          with
          [
              _Ty=Poll *
          ]
  c:\src\vcpkg\installed\x64-windows\include\uws\Group.h(47): note: 参见“std::stack<Poll *,std::deque<_Ty,std::allocator<_Ty>>>”的声明
          with
          [
              _Ty=Poll *
          ]
c:\src\vcpkg\installed\x64-windows\include\uws\Group.h(26): warning C4251: “uWS::Group<false>::connectionHandler”: class“std::function<void (uWS::WebSocket<false> *,uWS::HttpRequest)>”需要有 dll 接口由 struct“uWS::Group<false>”的客户端使用
  c:\src\vcpkg\installed\x64-windows\include\uws\Group.h(26): note: 参见“std::function<void (uWS::WebSocket<false> *,uWS::HttpRequest)>”的声明
  c:\src\vcpkg\installed\x64-windows\include\uws\Hub.h(13): note: 参见对正在编译的 类 模板 实例化 "uWS::Group<false>" 的引用
c:\src\vcpkg\installed\x64-windows\include\uws\Group.h(27): warning C4251: “uWS::Group<false>::transferHandler”: class“std::function<void (uWS::WebSocket<false> *)>”需要有 dll 接口由 struct“uWS::Group<false>”的客户端使用
  c:\src\vcpkg\installed\x64-windows\include\uws\Group.h(27): note: 参见“std::function<void (uWS::WebSocket<false> *)>”的声明
c:\src\vcpkg\installed\x64-windows\include\uws\Group.h(28): warning C4251: “uWS::Group<false>::messageHandler”: class“std::function<void (uWS::WebSocket<false> *,char *,::size_t,uWS::OpCode)>”需要有 dll 接口由 struct“uWS::Group<false>”的客户端使用
  c:\src\vcpkg\installed\x64-windows\include\uws\Group.h(28): note: 参见“std::function<void (uWS::WebSocket<false> *,char *,::size_t,uWS::OpCode)>”的声明
c:\src\vcpkg\installed\x64-windows\include\uws\Group.h(29): warning C4251: “uWS::Group<false>::disconnectionHandler”: class“std::function<void (uWS::WebSocket<false> *,int,char *,::size_t)>”需要有 dll 接口由 struct“uWS::Group<false>”的客户端使用
  c:\src\vcpkg\installed\x64-windows\include\uws\Group.h(29): note: 参见“std::function<void (uWS::WebSocket<false> *,int,char *,::size_t)>”的声明
c:\src\vcpkg\installed\x64-windows\include\uws\Group.h(30): warning C4251: “uWS::Group<false>::pingHandler”: class“std::function<void (uWS::WebSocket<false> *,char *,::size_t)>”需要有 dll 接口由 struct“uWS::Group<false>”的客户端使用
  c:\src\vcpkg\installed\x64-windows\include\uws\Group.h(30): note: 参见“std::function<void (uWS::WebSocket<false> *,char *,::size_t)>”的声明
c:\src\vcpkg\installed\x64-windows\include\uws\Group.h(31): warning C4251: “uWS::Group<false>::pongHandler”: class“std::function<void (uWS::WebSocket<false> *,char *,::size_t)>”需要有 dll 接口由 struct“uWS::Group<false>”的客户端使用
  c:\src\vcpkg\installed\x64-windows\include\uws\Group.h(30): note: 参见“std::function<void (uWS::WebSocket<false> *,char *,::size_t)>”的声明
c:\src\vcpkg\installed\x64-windows\include\uws\Group.h(32): warning C4251: “uWS::Group<false>::httpConnectionHandler”: class“std::function<void (uWS::HttpSocket<false> *)>”需要有 dll 接口由 struct“uWS::Group<false>”的客户端使用
  c:\src\vcpkg\installed\x64-windows\include\uws\Group.h(32): note: 参见“std::function<void (uWS::HttpSocket<false> *)>”的声明
c:\src\vcpkg\installed\x64-windows\include\uws\Group.h(33): warning C4251: “uWS::Group<false>::httpRequestHandler”: class“std::function<void (uWS::HttpResponse *,uWS::HttpRequest,char *,::size_t,::size_t)>”需要有 dll 接口由 struct“uWS::Group<false>”的客户端使用
  c:\src\vcpkg\installed\x64-windows\include\uws\Group.h(33): note: 参见“std::function<void (uWS::HttpResponse *,uWS::HttpRequest,char *,::size_t,::size_t)>”的声明
c:\src\vcpkg\installed\x64-windows\include\uws\Group.h(34): warning C4251: “uWS::Group<false>::httpDataHandler”: class“std::function<void (uWS::HttpResponse *,char *,::size_t,::size_t)>”需要有 dll 接口由 struct“uWS::Group<false>”的客户端使用
  c:\src\vcpkg\installed\x64-windows\include\uws\Group.h(34): note: 参见“std::function<void (uWS::HttpResponse *,char *,::size_t,::size_t)>”的声明
c:\src\vcpkg\installed\x64-windows\include\uws\Group.h(35): warning C4251: “uWS::Group<false>::httpCancelledRequestHandler”: class“std::function<void (uWS::HttpResponse *)>”需要有 dll 接口由 struct“uWS::Group<false>”的客户端使用
  c:\src\vcpkg\installed\x64-windows\include\uws\Group.h(35): note: 参见“std::function<void (uWS::HttpResponse *)>”的声明
c:\src\vcpkg\installed\x64-windows\include\uws\Group.h(36): warning C4251: “uWS::Group<false>::httpDisconnectionHandler”: class“std::function<void (uWS::HttpSocket<false> *)>”需要有 dll 接口由 struct“uWS::Group<false>”的客户端使用
  c:\src\vcpkg\installed\x64-windows\include\uws\Group.h(32): note: 参见“std::function<void (uWS::HttpSocket<false> *)>”的声明
c:\src\vcpkg\installed\x64-windows\include\uws\Group.h(37): warning C4251: “uWS::Group<false>::httpUpgradeHandler”: class“std::function<void (uWS::HttpSocket<false> *,uWS::HttpRequest)>”需要有 dll 接口由 struct“uWS::Group<false>”的客户端使用
  c:\src\vcpkg\installed\x64-windows\include\uws\Group.h(37): note: 参见“std::function<void (uWS::HttpSocket<false> *,uWS::HttpRequest)>”的声明
c:\src\vcpkg\installed\x64-windows\include\uws\Group.h(40): warning C4251: “uWS::Group<false>::errorHandler”: class“std::function<void (void *)>”需要有 dll 接口由 struct“uWS::Group<false>”的客户端使用
  c:\src\vcpkg\installed\x64-windows\include\uws\Group.h(40): note: 参见“std::function<void (void *)>”的声明
c:\src\vcpkg\installed\x64-windows\include\uws\Group.h(46): warning C4251: “uWS::Group<false>::userPingMessage”: class“std::basic_string<char,std::char_traits<char>,std::allocator<char>>”需要有 dll 接口由 struct“uWS::Group<false>”的客户端使用
  C:\Program Files (x86)\Microsoft Visual Studio\2017\Community\VC\Tools\MSVC\14.10.25017\include\xstring(3997): note: 参见“std::basic_string<char,std::char_traits<char>,std::allocator<char>>”的声明
c:\src\vcpkg\installed\x64-windows\include\uws\Group.h(47): warning C4251: “uWS::Group<false>::iterators”: class“std::stack<Poll *,std::deque<_Ty,std::allocator<_Ty>>>”需要有 dll 接口由 struct“uWS::Group<false>”的客户端使用
          with
          [
              _Ty=Poll *
          ]
  c:\src\vcpkg\installed\x64-windows\include\uws\Group.h(47): note: 参见“std::stack<Poll *,std::deque<_Ty,std::allocator<_Ty>>>”的声明
          with
          [
              _Ty=Poll *
          ]
c:\src\vcpkg\installed\x64-windows\include\uws\Hub.h(24): warning C4251: “uWS::Hub::dynamicInflationBuffer”: class“std::basic_string<char,std::char_traits<char>,std::allocator<char>>”需要有 dll 接口由 struct“uWS::Hub”的客户端使用
  C:\Program Files (x86)\Microsoft Visual Studio\2017\Community\VC\Tools\MSVC\14.10.25017\include\xstring(3997): note: 参见“std::basic_string<char,std::char_traits<char>,std::allocator<char>>”的声明
D:\Udacity\CarND-Extended-Kalman-Filter_T2P1\src\main.cpp(148): error C2664: “void uWS::Group<false>::onMessage(std::function<void (uWS::WebSocket<false> *,char *,::size_t,uWS::OpCode)>)”: 无法将参数 1 从“main::<lambda_62c019b879d8ef7d795184a1dac24f00>”转换为“std::function<void (uWS::WebSocket<true> *,char *,::size_t,uWS::OpCode)>”
  D:\Udacity\CarND-Extended-Kalman-Filter_T2P1\src\main.cpp(148): note: 没有可用于执行该转换的用户定义的转换运算符，或者无法调用该运算符
D:\Udacity\CarND-Extended-Kalman-Filter_T2P1\src\main.cpp(167): error C2664: “void uWS::Group<false>::onConnection(std::function<void (uWS::WebSocket<false> *,uWS::HttpRequest)>)”: 无法将参数 1 从“main::<lambda_62d8af4c41a5c444b809d6e4716d45ac>”转换为“std::function<void (uWS::WebSocket<true> *,uWS::HttpRequest)>”
  D:\Udacity\CarND-Extended-Kalman-Filter_T2P1\src\main.cpp(167): note: 没有可用于执行该转换的用户定义的转换运算符，或者无法调用该运算符
D:\Udacity\CarND-Extended-Kalman-Filter_T2P1\src\main.cpp(172): error C2664: “void uWS::Group<false>::onDisconnection(std::function<void (uWS::WebSocket<false> *,int,char *,::size_t)>)”: 无法将参数 1 从“main::<lambda_c87ce7e388f39d6e34ed880778e28a7c>”转换为“std::function<void (uWS::WebSocket<true> *,int,char *,::size_t)>”
  D:\Udacity\CarND-Extended-Kalman-Filter_T2P1\src\main.cpp(172): note: 没有可用于执行该转换的用户定义的转换运算符，或者无法调用该运算符
  tools.cpp
D:\Udacity\CarND-Extended-Kalman-Filter_T2P1\src\tools.cpp(28): warning C4244: “参数”: 从“unsigned __int64”转换到“const double”，可能丢失数据
  正在生成代码...
